[debug] [2022-08-14T13:02:31.569Z] ----------------------------------------------------------------------
[debug] [2022-08-14T13:02:31.570Z] Command:       /usr/local/bin/firebase /home/zahid/.cache/firebase/tools/lib/node_modules/firebase-tools/lib/bin/firebase deploy
[debug] [2022-08-14T13:02:31.570Z] CLI Version:   11.6.0
[debug] [2022-08-14T13:02:31.571Z] Platform:      linux
[debug] [2022-08-14T13:02:31.571Z] Node Version:  v16.16.0
[debug] [2022-08-14T13:02:31.579Z] Time:          Sun Aug 14 2022 19:02:31 GMT+0600 (Bangladesh Standard Time)
[debug] [2022-08-14T13:02:31.580Z] ----------------------------------------------------------------------
[debug] 
[debug] [2022-08-14T13:02:31.642Z] > command requires scopes: ["email","openid","https://www.googleapis.com/auth/cloudplatformprojects.readonly","https://www.googleapis.com/auth/firebase","https://www.googleapis.com/auth/cloud-platform"]
[debug] [2022-08-14T13:02:31.643Z] > authorizing via signed-in user (manjazahid.w25@gmail.com)
[debug] [2022-08-14T13:02:31.643Z] [iam] checking project garments-accessories for permissions ["firebase.projects.get","firebasehosting.sites.update"]
[debug] [2022-08-14T13:02:31.644Z] > refreshing access token with scopes: []
[debug] [2022-08-14T13:02:31.645Z] >>> [apiv2][query] POST https://www.googleapis.com/oauth2/v3/token [none]
[debug] [2022-08-14T13:02:31.645Z] >>> [apiv2][body] POST https://www.googleapis.com/oauth2/v3/token [omitted]
[debug] [2022-08-14T13:02:31.899Z] <<< [apiv2][status] POST https://www.googleapis.com/oauth2/v3/token 200
[debug] [2022-08-14T13:02:31.900Z] <<< [apiv2][body] POST https://www.googleapis.com/oauth2/v3/token [omitted]
[debug] [2022-08-14T13:02:31.907Z] >>> [apiv2][query] POST https://cloudresourcemanager.googleapis.com/v1/projects/garments-accessories:testIamPermissions [none]
[debug] [2022-08-14T13:02:31.908Z] >>> [apiv2][(partial)header] POST https://cloudresourcemanager.googleapis.com/v1/projects/garments-accessories:testIamPermissions x-goog-quota-user=projects/garments-accessories
[debug] [2022-08-14T13:02:31.909Z] >>> [apiv2][body] POST https://cloudresourcemanager.googleapis.com/v1/projects/garments-accessories:testIamPermissions {"permissions":["firebase.projects.get","firebasehosting.sites.update"]}
[debug] [2022-08-14T13:02:33.378Z] <<< [apiv2][status] POST https://cloudresourcemanager.googleapis.com/v1/projects/garments-accessories:testIamPermissions 200
[debug] [2022-08-14T13:02:33.378Z] <<< [apiv2][body] POST https://cloudresourcemanager.googleapis.com/v1/projects/garments-accessories:testIamPermissions {"permissions":["firebase.projects.get","firebasehosting.sites.update"]}
[debug] [2022-08-14T13:02:33.382Z] >>> [apiv2][query] GET https://firebase.googleapis.com/v1beta1/projects/garments-accessories [none]
[debug] [2022-08-14T13:02:33.961Z] <<< [apiv2][status] GET https://firebase.googleapis.com/v1beta1/projects/garments-accessories 200
[debug] [2022-08-14T13:02:33.962Z] <<< [apiv2][body] GET https://firebase.googleapis.com/v1beta1/projects/garments-accessories {"projectId":"garments-accessories","projectNumber":"966652035948","displayName":"garments-accessories","name":"projects/garments-accessories","resources":{"hostingSite":"garments-accessories"},"state":"ACTIVE","etag":"1_658e71e7-8c53-4a3b-a8a5-5fc86151e137"}
[info] 
[info] === Deploying to 'garments-accessories'...
[info] 
[info] i  deploying hosting 
[debug] [2022-08-14T13:02:33.968Z] >>> [apiv2][query] GET https://firebase.googleapis.com/v1beta1/projects/garments-accessories [none]
[debug] [2022-08-14T13:02:34.430Z] <<< [apiv2][status] GET https://firebase.googleapis.com/v1beta1/projects/garments-accessories 200
[debug] [2022-08-14T13:02:34.430Z] <<< [apiv2][body] GET https://firebase.googleapis.com/v1beta1/projects/garments-accessories {"projectId":"garments-accessories","projectNumber":"966652035948","displayName":"garments-accessories","name":"projects/garments-accessories","resources":{"hostingSite":"garments-accessories"},"state":"ACTIVE","etag":"1_658e71e7-8c53-4a3b-a8a5-5fc86151e137"}
[debug] [2022-08-14T13:02:34.436Z] >>> [apiv2][query] POST https://firebasehosting.googleapis.com/v1beta1/projects/966652035948/sites/garments-accessories/versions [none]
[debug] [2022-08-14T13:02:34.436Z] >>> [apiv2][body] POST https://firebasehosting.googleapis.com/v1beta1/projects/966652035948/sites/garments-accessories/versions {"config":{"rewrites":[{"glob":"**","path":"/index.html"}]},"labels":{"deployment-tool":"cli-firebase"}}
[debug] [2022-08-14T13:02:36.532Z] <<< [apiv2][status] POST https://firebasehosting.googleapis.com/v1beta1/projects/966652035948/sites/garments-accessories/versions 200
[debug] [2022-08-14T13:02:36.533Z] <<< [apiv2][body] POST https://firebasehosting.googleapis.com/v1beta1/projects/966652035948/sites/garments-accessories/versions {"name":"projects/966652035948/sites/garments-accessories/versions/07c787c538b884cb","status":"CREATED","config":{"rewrites":[{"glob":"**","path":"/index.html"}]},"labels":{"deployment-tool":"cli-firebase"}}
[info] i  hosting[garments-accessories]: beginning deploy... 
[info] i  hosting[garments-accessories]: found 32 files in build 
[debug] [2022-08-14T13:02:36.545Z] [hosting] uploading with 200 concurrency
[debug] [2022-08-14T13:02:36.804Z] [hosting] hash cache [YnVpbGQ] stored for 32 files
[debug] [2022-08-14T13:02:36.804Z] [hosting][hash queue][FINAL] {"max":253,"min":16,"avg":59.75,"active":0,"complete":32,"success":32,"errored":0,"retried":0,"total":32,"elapsed":257}
[debug] [2022-08-14T13:02:36.805Z] >>> [apiv2][query] POST https://firebasehosting.googleapis.com/v1beta1/projects/966652035948/sites/garments-accessories/versions/07c787c538b884cb:populateFiles [none]
[debug] [2022-08-14T13:02:36.805Z] >>> [apiv2][body] POST https://firebasehosting.googleapis.com/v1beta1/projects/966652035948/sites/garments-accessories/versions/07c787c538b884cb:populateFiles {"files":{"/asset-manifest.json":"63b2a06488cd15e78e6c1d8b9dd71ff856fa795eadd61d3ea29c8b4c3e3b27e1","/index.html":"957d3169627710974d299d5d9a618e0997b4a20821280ef6902b594c547c1240","/favicon.ico":"a786620a7c4f7bd7c0acc2881ab825c1cf41dfa40096fd789f9e6256027ab10e","/manifest.json":"0958a5e0c831126100c8c2d06a6bbaa665a3900f21aaff4130238a6f5a113aa1","/robots.txt":"2544ca049f223a42bff01f72ad930a5edba75bbb7199d0f8430a02ff5aca16ec","/static/js/787.428288d3.chunk.js":"25ea3c876a0f25b55ed0865c3a56e37087ba0ecab15a5fe3538973af239086bc","/static/js/787.428288d3.chunk.js.map":"ed21f0833234ecb277bdebf7616329eb1702d10222fb657017f1e87334ff8bd0","/static/js/main.85d0f069.js.LICENSE.txt":"f76043dc37c132a854e70da8be7e220cc8faa61ec07540f568baaabecddb3c83","/static/media/Appstore.8c4986ee4828b47d16f5cd694ef065f2.svg":"e96c543c65e4c6729c4c5406259ed344d9878293c467b682ea37791366defa1f","/static/media/logo.b803569b4a81ff18df87.png":"695eb64222f3689ef5635002bf34537c1748699436b59aea5a7016dce876d322","/static/media/playstore.acb7f25b1acfd09f0a3314b305094262.svg":"04f38b89bd218ef6416cfe72ad86b48464241893aec5789adf1197db3666898a","/static/media/rapid-change.86c8d5ec2538c7acc985.png":"d8b673f5c0052adaafe59bc8a2a9e9870b73f9e8f15caa50c6f1d13d97518cec","/static/media/support-team.a2f1d95400b9d626107d.png":"4dbc17c1d2fd4fd8898d94dc6443d75b368f08a7b9b8d733e5edd2051bdbe7bf","/static/media/target-users.0483668beb22c07e3b33.png":"e2699cfb079aa6d1ee407e8c819f0f611c766a7c5227539676317192a5da1a28","/static/css/main.6bec81e3.css":"901f7be1489fecc1e51b49251154c5f603759d18e6226a5e529cc55083815d90","/static/media/under-construction.3e31b962fd183dd6bfc6.png":"46e7dada0af39d950b8858f6dc21491fc1a566683c0f349ba2bb91460e8c2a5b","/static/media/404.58874dcb8cd9d13569a3.png":"03d9299d43b65575051aa2d4c4b3e1f39b7c6e91f3f2111d8cb61faae79bae6c","/static/media/banner-1.fe27503b968958bca66b.jpg":"dbb551862f80c5f67c8c5698a044076be2f524c5ae42b602167258d241aaa763","/static/media/banner-6.fe6dc800a99fe78baaae.jpg":"b70a44e74d232c3d55e0a0385a14164b10a1b8683fcf1c4928d8d6a646e24a09","/static/media/banner-4.0809131636142de3090e.jpg":"133443f480dbf287daac89bbf2d5d096979fa4780cca7215926c5f96d8ac11b3","/static/css/main.6bec81e3.css.map":"4659ac76ab0bf0163143fedd53809f670b939b195407c67a342886ffecf28689","/static/media/banner-2.0404f7dd8d082988692d.jpg":"330d9f455a07b1dffebe4a65e116a0a37ab056ce8d3361b8477acf148911e5a1","/static/media/profile-pic-1.ade40d3126205db44b12.png":"e127312e4c80d73e9b0df058285e498904b9bc8a1687ddaba20818f0ce8eca4d","/static/media/8mm-Metal-Rivet-for-Denim-Jeans-Clothing-Accessories.dac055255ccbfc0291b9.webp":"7fe500236ae81656ae2b73afa71fa5b9b348f8cc09e615ea3eb5026b58917a9a","/static/js/main.85d0f069.js":"f9b19b2f05a265024a5acc4fa183d2a31b0eafc491ca6f25d98c1826814736aa","/static/media/profile.b46fad45f3d34bdac614.png":"d2f68e529ca964302c4355d2426477333caf8a636c12d5e58e5a9353ebe2754a","/static/media/register.6a74e5522b11cc443dc9.png":"5a444d2bf8f96b99c401da12cd4d1a5bb6522c2097ac4f75d0654125e044c32d","/static/media/banner-3.f65a531a41daaa659492.jpg":"1b5869bd182c0b8b9aad906dded89e622d3b3556b7f9614cef382b643bb07cc0","/static/media/banner-5.2ae8e58b0ff280134bdd.jpg":"902dbeabb6b4e43d992a8bfacf3391225109d46576fdf205991994e705bf2dd4","/static/media/item.bfce044de56830f513f2.jpg":"d1c899c7c4ee2fb6d2ac4787ffe93358d54e7fd576bf6cf515e1c5b158a0361e","/static/media/review.ced8980c1069a0dcace8.png":"65484c2e433d3498d96e824671424d270cc69d856febf8f27c0b68171809be97","/static/js/main.85d0f069.js.map":"492a38962538a349b971c5bae93fd451db45a876937387edaa1d719e30f6ffb0"}}
[debug] [2022-08-14T13:03:09.118Z] [populateQueue] Retrying task index 0
[debug] [2022-08-14T13:03:09.119Z] >>> [apiv2][query] POST https://firebasehosting.googleapis.com/v1beta1/projects/966652035948/sites/garments-accessories/versions/07c787c538b884cb:populateFiles [none]
[debug] [2022-08-14T13:03:09.120Z] >>> [apiv2][body] POST https://firebasehosting.googleapis.com/v1beta1/projects/966652035948/sites/garments-accessories/versions/07c787c538b884cb:populateFiles {"files":{"/asset-manifest.json":"63b2a06488cd15e78e6c1d8b9dd71ff856fa795eadd61d3ea29c8b4c3e3b27e1","/index.html":"957d3169627710974d299d5d9a618e0997b4a20821280ef6902b594c547c1240","/favicon.ico":"a786620a7c4f7bd7c0acc2881ab825c1cf41dfa40096fd789f9e6256027ab10e","/manifest.json":"0958a5e0c831126100c8c2d06a6bbaa665a3900f21aaff4130238a6f5a113aa1","/robots.txt":"2544ca049f223a42bff01f72ad930a5edba75bbb7199d0f8430a02ff5aca16ec","/static/js/787.428288d3.chunk.js":"25ea3c876a0f25b55ed0865c3a56e37087ba0ecab15a5fe3538973af239086bc","/static/js/787.428288d3.chunk.js.map":"ed21f0833234ecb277bdebf7616329eb1702d10222fb657017f1e87334ff8bd0","/static/js/main.85d0f069.js.LICENSE.txt":"f76043dc37c132a854e70da8be7e220cc8faa61ec07540f568baaabecddb3c83","/static/media/Appstore.8c4986ee4828b47d16f5cd694ef065f2.svg":"e96c543c65e4c6729c4c5406259ed344d9878293c467b682ea37791366defa1f","/static/media/logo.b803569b4a81ff18df87.png":"695eb64222f3689ef5635002bf34537c1748699436b59aea5a7016dce876d322","/static/media/playstore.acb7f25b1acfd09f0a3314b305094262.svg":"04f38b89bd218ef6416cfe72ad86b48464241893aec5789adf1197db3666898a","/static/media/rapid-change.86c8d5ec2538c7acc985.png":"d8b673f5c0052adaafe59bc8a2a9e9870b73f9e8f15caa50c6f1d13d97518cec","/static/media/support-team.a2f1d95400b9d626107d.png":"4dbc17c1d2fd4fd8898d94dc6443d75b368f08a7b9b8d733e5edd2051bdbe7bf","/static/media/target-users.0483668beb22c07e3b33.png":"e2699cfb079aa6d1ee407e8c819f0f611c766a7c5227539676317192a5da1a28","/static/css/main.6bec81e3.css":"901f7be1489fecc1e51b49251154c5f603759d18e6226a5e529cc55083815d90","/static/media/under-construction.3e31b962fd183dd6bfc6.png":"46e7dada0af39d950b8858f6dc21491fc1a566683c0f349ba2bb91460e8c2a5b","/static/media/404.58874dcb8cd9d13569a3.png":"03d9299d43b65575051aa2d4c4b3e1f39b7c6e91f3f2111d8cb61faae79bae6c","/static/media/banner-1.fe27503b968958bca66b.jpg":"dbb551862f80c5f67c8c5698a044076be2f524c5ae42b602167258d241aaa763","/static/media/banner-6.fe6dc800a99fe78baaae.jpg":"b70a44e74d232c3d55e0a0385a14164b10a1b8683fcf1c4928d8d6a646e24a09","/static/media/banner-4.0809131636142de3090e.jpg":"133443f480dbf287daac89bbf2d5d096979fa4780cca7215926c5f96d8ac11b3","/static/css/main.6bec81e3.css.map":"4659ac76ab0bf0163143fedd53809f670b939b195407c67a342886ffecf28689","/static/media/banner-2.0404f7dd8d082988692d.jpg":"330d9f455a07b1dffebe4a65e116a0a37ab056ce8d3361b8477acf148911e5a1","/static/media/profile-pic-1.ade40d3126205db44b12.png":"e127312e4c80d73e9b0df058285e498904b9bc8a1687ddaba20818f0ce8eca4d","/static/media/8mm-Metal-Rivet-for-Denim-Jeans-Clothing-Accessories.dac055255ccbfc0291b9.webp":"7fe500236ae81656ae2b73afa71fa5b9b348f8cc09e615ea3eb5026b58917a9a","/static/js/main.85d0f069.js":"f9b19b2f05a265024a5acc4fa183d2a31b0eafc491ca6f25d98c1826814736aa","/static/media/profile.b46fad45f3d34bdac614.png":"d2f68e529ca964302c4355d2426477333caf8a636c12d5e58e5a9353ebe2754a","/static/media/register.6a74e5522b11cc443dc9.png":"5a444d2bf8f96b99c401da12cd4d1a5bb6522c2097ac4f75d0654125e044c32d","/static/media/banner-3.f65a531a41daaa659492.jpg":"1b5869bd182c0b8b9aad906dded89e622d3b3556b7f9614cef382b643bb07cc0","/static/media/banner-5.2ae8e58b0ff280134bdd.jpg":"902dbeabb6b4e43d992a8bfacf3391225109d46576fdf205991994e705bf2dd4","/static/media/item.bfce044de56830f513f2.jpg":"d1c899c7c4ee2fb6d2ac4787ffe93358d54e7fd576bf6cf515e1c5b158a0361e","/static/media/review.ced8980c1069a0dcace8.png":"65484c2e433d3498d96e824671424d270cc69d856febf8f27c0b68171809be97","/static/js/main.85d0f069.js.map":"492a38962538a349b971c5bae93fd451db45a876937387edaa1d719e30f6ffb0"}}
[debug] [2022-08-14T13:03:40.811Z] [populateQueue] Retrying task index 0
[debug] [2022-08-14T13:03:40.814Z] >>> [apiv2][query] POST https://firebasehosting.googleapis.com/v1beta1/projects/966652035948/sites/garments-accessories/versions/07c787c538b884cb:populateFiles [none]
[debug] [2022-08-14T13:03:40.814Z] >>> [apiv2][body] POST https://firebasehosting.googleapis.com/v1beta1/projects/966652035948/sites/garments-accessories/versions/07c787c538b884cb:populateFiles {"files":{"/asset-manifest.json":"63b2a06488cd15e78e6c1d8b9dd71ff856fa795eadd61d3ea29c8b4c3e3b27e1","/index.html":"957d3169627710974d299d5d9a618e0997b4a20821280ef6902b594c547c1240","/favicon.ico":"a786620a7c4f7bd7c0acc2881ab825c1cf41dfa40096fd789f9e6256027ab10e","/manifest.json":"0958a5e0c831126100c8c2d06a6bbaa665a3900f21aaff4130238a6f5a113aa1","/robots.txt":"2544ca049f223a42bff01f72ad930a5edba75bbb7199d0f8430a02ff5aca16ec","/static/js/787.428288d3.chunk.js":"25ea3c876a0f25b55ed0865c3a56e37087ba0ecab15a5fe3538973af239086bc","/static/js/787.428288d3.chunk.js.map":"ed21f0833234ecb277bdebf7616329eb1702d10222fb657017f1e87334ff8bd0","/static/js/main.85d0f069.js.LICENSE.txt":"f76043dc37c132a854e70da8be7e220cc8faa61ec07540f568baaabecddb3c83","/static/media/Appstore.8c4986ee4828b47d16f5cd694ef065f2.svg":"e96c543c65e4c6729c4c5406259ed344d9878293c467b682ea37791366defa1f","/static/media/logo.b803569b4a81ff18df87.png":"695eb64222f3689ef5635002bf34537c1748699436b59aea5a7016dce876d322","/static/media/playstore.acb7f25b1acfd09f0a3314b305094262.svg":"04f38b89bd218ef6416cfe72ad86b48464241893aec5789adf1197db3666898a","/static/media/rapid-change.86c8d5ec2538c7acc985.png":"d8b673f5c0052adaafe59bc8a2a9e9870b73f9e8f15caa50c6f1d13d97518cec","/static/media/support-team.a2f1d95400b9d626107d.png":"4dbc17c1d2fd4fd8898d94dc6443d75b368f08a7b9b8d733e5edd2051bdbe7bf","/static/media/target-users.0483668beb22c07e3b33.png":"e2699cfb079aa6d1ee407e8c819f0f611c766a7c5227539676317192a5da1a28","/static/css/main.6bec81e3.css":"901f7be1489fecc1e51b49251154c5f603759d18e6226a5e529cc55083815d90","/static/media/under-construction.3e31b962fd183dd6bfc6.png":"46e7dada0af39d950b8858f6dc21491fc1a566683c0f349ba2bb91460e8c2a5b","/static/media/404.58874dcb8cd9d13569a3.png":"03d9299d43b65575051aa2d4c4b3e1f39b7c6e91f3f2111d8cb61faae79bae6c","/static/media/banner-1.fe27503b968958bca66b.jpg":"dbb551862f80c5f67c8c5698a044076be2f524c5ae42b602167258d241aaa763","/static/media/banner-6.fe6dc800a99fe78baaae.jpg":"b70a44e74d232c3d55e0a0385a14164b10a1b8683fcf1c4928d8d6a646e24a09","/static/media/banner-4.0809131636142de3090e.jpg":"133443f480dbf287daac89bbf2d5d096979fa4780cca7215926c5f96d8ac11b3","/static/css/main.6bec81e3.css.map":"4659ac76ab0bf0163143fedd53809f670b939b195407c67a342886ffecf28689","/static/media/banner-2.0404f7dd8d082988692d.jpg":"330d9f455a07b1dffebe4a65e116a0a37ab056ce8d3361b8477acf148911e5a1","/static/media/profile-pic-1.ade40d3126205db44b12.png":"e127312e4c80d73e9b0df058285e498904b9bc8a1687ddaba20818f0ce8eca4d","/static/media/8mm-Metal-Rivet-for-Denim-Jeans-Clothing-Accessories.dac055255ccbfc0291b9.webp":"7fe500236ae81656ae2b73afa71fa5b9b348f8cc09e615ea3eb5026b58917a9a","/static/js/main.85d0f069.js":"f9b19b2f05a265024a5acc4fa183d2a31b0eafc491ca6f25d98c1826814736aa","/static/media/profile.b46fad45f3d34bdac614.png":"d2f68e529ca964302c4355d2426477333caf8a636c12d5e58e5a9353ebe2754a","/static/media/register.6a74e5522b11cc443dc9.png":"5a444d2bf8f96b99c401da12cd4d1a5bb6522c2097ac4f75d0654125e044c32d","/static/media/banner-3.f65a531a41daaa659492.jpg":"1b5869bd182c0b8b9aad906dded89e622d3b3556b7f9614cef382b643bb07cc0","/static/media/banner-5.2ae8e58b0ff280134bdd.jpg":"902dbeabb6b4e43d992a8bfacf3391225109d46576fdf205991994e705bf2dd4","/static/media/item.bfce044de56830f513f2.jpg":"d1c899c7c4ee2fb6d2ac4787ffe93358d54e7fd576bf6cf515e1c5b158a0361e","/static/media/review.ced8980c1069a0dcace8.png":"65484c2e433d3498d96e824671424d270cc69d856febf8f27c0b68171809be97","/static/js/main.85d0f069.js.map":"492a38962538a349b971c5bae93fd451db45a876937387edaa1d719e30f6ffb0"}}
[debug] [2022-08-14T13:03:42.149Z] <<< [apiv2][status] POST https://firebasehosting.googleapis.com/v1beta1/projects/966652035948/sites/garments-accessories/versions/07c787c538b884cb:populateFiles 200
[debug] [2022-08-14T13:03:42.149Z] <<< [apiv2][body] POST https://firebasehosting.googleapis.com/v1beta1/projects/966652035948/sites/garments-accessories/versions/07c787c538b884cb:populateFiles {"uploadRequiredHashes":["492a38962538a349b971c5bae93fd451db45a876937387edaa1d719e30f6ffb0","957d3169627710974d299d5d9a618e0997b4a20821280ef6902b594c547c1240","46e7dada0af39d950b8858f6dc21491fc1a566683c0f349ba2bb91460e8c2a5b","63b2a06488cd15e78e6c1d8b9dd71ff856fa795eadd61d3ea29c8b4c3e3b27e1","f9b19b2f05a265024a5acc4fa183d2a31b0eafc491ca6f25d98c1826814736aa"],"uploadUrl":"https://upload-firebasehosting.googleapis.com/upload/sites/garments-accessories/versions/07c787c538b884cb/files"}
[debug] [2022-08-14T13:03:42.154Z] >>> [apiv2][query] POST https://upload-firebasehosting.googleapis.com/upload/sites/garments-accessories/versions/07c787c538b884cb/files/492a38962538a349b971c5bae93fd451db45a876937387edaa1d719e30f6ffb0 [none]
[debug] [2022-08-14T13:03:42.155Z] >>> [apiv2][body] POST https://upload-firebasehosting.googleapis.com/upload/sites/garments-accessories/versions/07c787c538b884cb/files/492a38962538a349b971c5bae93fd451db45a876937387edaa1d719e30f6ffb0 [stream]
[debug] [2022-08-14T13:03:42.159Z] >>> [apiv2][query] POST https://upload-firebasehosting.googleapis.com/upload/sites/garments-accessories/versions/07c787c538b884cb/files/957d3169627710974d299d5d9a618e0997b4a20821280ef6902b594c547c1240 [none]
[debug] [2022-08-14T13:03:42.159Z] >>> [apiv2][body] POST https://upload-firebasehosting.googleapis.com/upload/sites/garments-accessories/versions/07c787c538b884cb/files/957d3169627710974d299d5d9a618e0997b4a20821280ef6902b594c547c1240 [stream]
[debug] [2022-08-14T13:03:42.163Z] >>> [apiv2][query] POST https://upload-firebasehosting.googleapis.com/upload/sites/garments-accessories/versions/07c787c538b884cb/files/46e7dada0af39d950b8858f6dc21491fc1a566683c0f349ba2bb91460e8c2a5b [none]
[debug] [2022-08-14T13:03:42.163Z] >>> [apiv2][body] POST https://upload-firebasehosting.googleapis.com/upload/sites/garments-accessories/versions/07c787c538b884cb/files/46e7dada0af39d950b8858f6dc21491fc1a566683c0f349ba2bb91460e8c2a5b [stream]
[debug] [2022-08-14T13:03:42.167Z] >>> [apiv2][query] POST https://upload-firebasehosting.googleapis.com/upload/sites/garments-accessories/versions/07c787c538b884cb/files/63b2a06488cd15e78e6c1d8b9dd71ff856fa795eadd61d3ea29c8b4c3e3b27e1 [none]
[debug] [2022-08-14T13:03:42.167Z] >>> [apiv2][body] POST https://upload-firebasehosting.googleapis.com/upload/sites/garments-accessories/versions/07c787c538b884cb/files/63b2a06488cd15e78e6c1d8b9dd71ff856fa795eadd61d3ea29c8b4c3e3b27e1 [stream]
[debug] [2022-08-14T13:03:42.170Z] >>> [apiv2][query] POST https://upload-firebasehosting.googleapis.com/upload/sites/garments-accessories/versions/07c787c538b884cb/files/f9b19b2f05a265024a5acc4fa183d2a31b0eafc491ca6f25d98c1826814736aa [none]
[debug] [2022-08-14T13:03:42.170Z] >>> [apiv2][body] POST https://upload-firebasehosting.googleapis.com/upload/sites/garments-accessories/versions/07c787c538b884cb/files/f9b19b2f05a265024a5acc4fa183d2a31b0eafc491ca6f25d98c1826814736aa [stream]
[debug] [2022-08-14T13:03:42.172Z] [hosting][populate queue][FINAL] {"max":1342,"min":1342,"avg":1342,"active":0,"complete":1,"success":1,"errored":0,"retried":2,"total":1,"elapsed":65368}
[debug] [2022-08-14T13:03:42.173Z] [hosting] uploads queued: 5
[debug] [2022-08-14T13:03:44.822Z] <<< [apiv2][status] POST https://upload-firebasehosting.googleapis.com/upload/sites/garments-accessories/versions/07c787c538b884cb/files/492a38962538a349b971c5bae93fd451db45a876937387edaa1d719e30f6ffb0 200
[debug] [2022-08-14T13:03:44.822Z] <<< [apiv2][body] POST https://upload-firebasehosting.googleapis.com/upload/sites/garments-accessories/versions/07c787c538b884cb/files/492a38962538a349b971c5bae93fd451db45a876937387edaa1d719e30f6ffb0 [stream]
[debug] [2022-08-14T13:03:45.270Z] <<< [apiv2][status] POST https://upload-firebasehosting.googleapis.com/upload/sites/garments-accessories/versions/07c787c538b884cb/files/63b2a06488cd15e78e6c1d8b9dd71ff856fa795eadd61d3ea29c8b4c3e3b27e1 200
[debug] [2022-08-14T13:03:45.271Z] <<< [apiv2][body] POST https://upload-firebasehosting.googleapis.com/upload/sites/garments-accessories/versions/07c787c538b884cb/files/63b2a06488cd15e78e6c1d8b9dd71ff856fa795eadd61d3ea29c8b4c3e3b27e1 [stream]
[debug] [2022-08-14T13:03:45.284Z] <<< [apiv2][status] POST https://upload-firebasehosting.googleapis.com/upload/sites/garments-accessories/versions/07c787c538b884cb/files/957d3169627710974d299d5d9a618e0997b4a20821280ef6902b594c547c1240 200
[debug] [2022-08-14T13:03:45.284Z] <<< [apiv2][body] POST https://upload-firebasehosting.googleapis.com/upload/sites/garments-accessories/versions/07c787c538b884cb/files/957d3169627710974d299d5d9a618e0997b4a20821280ef6902b594c547c1240 [stream]
[debug] [2022-08-14T13:03:45.331Z] <<< [apiv2][status] POST https://upload-firebasehosting.googleapis.com/upload/sites/garments-accessories/versions/07c787c538b884cb/files/46e7dada0af39d950b8858f6dc21491fc1a566683c0f349ba2bb91460e8c2a5b 200
[debug] [2022-08-14T13:03:45.332Z] <<< [apiv2][body] POST https://upload-firebasehosting.googleapis.com/upload/sites/garments-accessories/versions/07c787c538b884cb/files/46e7dada0af39d950b8858f6dc21491fc1a566683c0f349ba2bb91460e8c2a5b [stream]
[debug] [2022-08-14T13:03:45.818Z] <<< [apiv2][status] POST https://upload-firebasehosting.googleapis.com/upload/sites/garments-accessories/versions/07c787c538b884cb/files/f9b19b2f05a265024a5acc4fa183d2a31b0eafc491ca6f25d98c1826814736aa 200
[debug] [2022-08-14T13:03:45.818Z] <<< [apiv2][body] POST https://upload-firebasehosting.googleapis.com/upload/sites/garments-accessories/versions/07c787c538b884cb/files/f9b19b2f05a265024a5acc4fa183d2a31b0eafc491ca6f25d98c1826814736aa [stream]
[debug] [2022-08-14T13:03:45.819Z] [hosting][upload queue][FINAL] {"max":3666,"min":2672,"avg":3154.2,"active":0,"complete":5,"success":5,"errored":0,"retried":0,"total":5,"elapsed":3669}
[info] ✔  hosting[garments-accessories]: file upload complete 
[debug] [2022-08-14T13:03:45.822Z] [hosting] deploy completed after 69285ms
[debug] [2022-08-14T13:03:45.831Z] [
  {
    "config": {
      "public": "build",
      "ignore": [
        "firebase.json",
        "**/.*",
        "**/node_modules/**"
      ],
      "rewrites": [
        {
          "source": "**",
          "destination": "/index.html"
        }
      ],
      "site": "garments-accessories"
    },
    "site": "garments-accessories",
    "version": "projects/966652035948/sites/garments-accessories/versions/07c787c538b884cb"
  }
]
[info] i  hosting[garments-accessories]: finalizing version... 
[debug] [2022-08-14T13:03:45.834Z] >>> [apiv2][query] PATCH https://firebasehosting.googleapis.com/v1beta1/projects/966652035948/sites/garments-accessories/versions/07c787c538b884cb updateMask=status%2Cconfig
[debug] [2022-08-14T13:03:45.834Z] >>> [apiv2][body] PATCH https://firebasehosting.googleapis.com/v1beta1/projects/966652035948/sites/garments-accessories/versions/07c787c538b884cb {"status":"FINALIZED","config":{"rewrites":[{"glob":"**","path":"/index.html"}]}}
[debug] [2022-08-14T13:03:47.670Z] <<< [apiv2][status] PATCH https://firebasehosting.googleapis.com/v1beta1/projects/966652035948/sites/garments-accessories/versions/07c787c538b884cb 200
[debug] [2022-08-14T13:03:47.670Z] <<< [apiv2][body] PATCH https://firebasehosting.googleapis.com/v1beta1/projects/966652035948/sites/garments-accessories/versions/07c787c538b884cb {"name":"projects/966652035948/sites/garments-accessories/versions/07c787c538b884cb","status":"FINALIZED","config":{"rewrites":[{"glob":"**","path":"/index.html"}]},"labels":{"deployment-tool":"cli-firebase"},"createTime":"2022-08-14T13:02:36.042484Z","createUser":{"email":"manjazahid.w25@gmail.com"},"finalizeTime":"2022-08-14T13:03:47.499294Z","finalizeUser":{"email":"manjazahid.w25@gmail.com"}}
[debug] [2022-08-14T13:03:47.671Z] [hosting] finalized version for garments-accessories:[object Object]
[info] ✔  hosting[garments-accessories]: version finalized 
[info] i  hosting[garments-accessories]: releasing new version... 
[debug] [2022-08-14T13:03:47.673Z] >>> [apiv2][query] POST https://firebasehosting.googleapis.com/v1beta1/projects/966652035948/sites/garments-accessories/releases versionName=projects%2F966652035948%2Fsites%2Fgarments-accessories%2Fversions%2F07c787c538b884cb
[debug] [2022-08-14T13:03:47.673Z] >>> [apiv2][body] POST https://firebasehosting.googleapis.com/v1beta1/projects/966652035948/sites/garments-accessories/releases {"message":null}
[debug] [2022-08-14T13:03:49.510Z] <<< [apiv2][status] POST https://firebasehosting.googleapis.com/v1beta1/projects/966652035948/sites/garments-accessories/releases 200
[debug] [2022-08-14T13:03:49.511Z] <<< [apiv2][body] POST https://firebasehosting.googleapis.com/v1beta1/projects/966652035948/sites/garments-accessories/releases {"name":"projects/966652035948/sites/garments-accessories/releases/1660482228729561","version":{"name":"projects/966652035948/sites/garments-accessories/versions/07c787c538b884cb","status":"FINALIZED","config":{"rewrites":[{"glob":"**","path":"/index.html"}]},"labels":{"deployment-tool":"cli-firebase"},"createTime":"2022-08-14T13:02:36.042484Z","createUser":{"email":"manjazahid.w25@gmail.com","imageUrl":"https://lh3.googleusercontent.com/a-/AFdZucrsGTeoOA5XX0fh8_PIcv7MktLtOHE-lxMaNmLc-g"},"finalizeTime":"2022-08-14T13:03:47.499294Z","finalizeUser":{"email":"manjazahid.w25@gmail.com","imageUrl":"https://lh3.googleusercontent.com/a-/AFdZucrsGTeoOA5XX0fh8_PIcv7MktLtOHE-lxMaNmLc-g"}},"type":"DEPLOY","releaseTime":"2022-08-14T13:03:48.729561855Z","releaseUser":{"email":"manjazahid.w25@gmail.com","imageUrl":"https://lh3.googleusercontent.com/a-/AFdZucrsGTeoOA5XX0fh8_PIcv7MktLtOHE-lxMaNmLc-g"}}
[debug] [2022-08-14T13:03:49.511Z] [hosting] release: {"name":"projects/966652035948/sites/garments-accessories/releases/1660482228729561","version":{"name":"projects/966652035948/sites/garments-accessories/versions/07c787c538b884cb","status":"FINALIZED","config":{"rewrites":[{"glob":"**","path":"/index.html"}]},"labels":{"deployment-tool":"cli-firebase"},"createTime":"2022-08-14T13:02:36.042484Z","createUser":{"email":"manjazahid.w25@gmail.com","imageUrl":"https://lh3.googleusercontent.com/a-/AFdZucrsGTeoOA5XX0fh8_PIcv7MktLtOHE-lxMaNmLc-g"},"finalizeTime":"2022-08-14T13:03:47.499294Z","finalizeUser":{"email":"manjazahid.w25@gmail.com","imageUrl":"https://lh3.googleusercontent.com/a-/AFdZucrsGTeoOA5XX0fh8_PIcv7MktLtOHE-lxMaNmLc-g"}},"type":"DEPLOY","releaseTime":"2022-08-14T13:03:48.729561855Z","releaseUser":{"email":"manjazahid.w25@gmail.com","imageUrl":"https://lh3.googleusercontent.com/a-/AFdZucrsGTeoOA5XX0fh8_PIcv7MktLtOHE-lxMaNmLc-g"}}
[info] ✔  hosting[garments-accessories]: release complete 
[info] 
[info] ✔  Deploy complete! 
[info] 
[info] Project Console: https://console.firebase.google.com/project/garments-accessories/overview
[info] Hosting URL: https://garments-accessories.web.app
[debug] [2022-08-14T13:04:26.788Z] Error: Timed out.
    at Timeout._onTimeout (/home/zahid/.cache/firebase/tools/lib/node_modules/firebase-tools/lib/utils.js:253:49)
    at listOnTimeout (node:internal/timers:559:17)
    at processTimers (node:internal/timers:502:7)
[error] 
[error] Error: An unexpected error has occurred.
[debug] [2022-08-14T13:04:34.013Z] ----------------------------------------------------------------------
[debug] [2022-08-14T13:04:34.014Z] Command:       /usr/local/bin/firebase /home/zahid/.cache/firebase/tools/lib/node_modules/firebase-tools/lib/bin/firebase deploy
[debug] [2022-08-14T13:04:34.014Z] CLI Version:   11.6.0
[debug] [2022-08-14T13:04:34.014Z] Platform:      linux
[debug] [2022-08-14T13:04:34.014Z] Node Version:  v16.16.0
[debug] [2022-08-14T13:04:34.015Z] Time:          Sun Aug 14 2022 19:04:34 GMT+0600 (Bangladesh Standard Time)
[debug] [2022-08-14T13:04:34.015Z] ----------------------------------------------------------------------
[debug] 
[debug] [2022-08-14T13:04:34.061Z] > command requires scopes: ["email","openid","https://www.googleapis.com/auth/cloudplatformprojects.readonly","https://www.googleapis.com/auth/firebase","https://www.googleapis.com/auth/cloud-platform"]
[debug] [2022-08-14T13:04:34.061Z] > authorizing via signed-in user (manjazahid.w25@gmail.com)
[debug] [2022-08-14T13:04:34.062Z] [iam] checking project garments-accessories for permissions ["firebase.projects.get","firebasehosting.sites.update"]
[debug] [2022-08-14T13:04:34.063Z] >>> [apiv2][query] POST https://cloudresourcemanager.googleapis.com/v1/projects/garments-accessories:testIamPermissions [none]
[debug] [2022-08-14T13:04:34.063Z] >>> [apiv2][(partial)header] POST https://cloudresourcemanager.googleapis.com/v1/projects/garments-accessories:testIamPermissions x-goog-quota-user=projects/garments-accessories
[debug] [2022-08-14T13:04:34.063Z] >>> [apiv2][body] POST https://cloudresourcemanager.googleapis.com/v1/projects/garments-accessories:testIamPermissions {"permissions":["firebase.projects.get","firebasehosting.sites.update"]}
[debug] [2022-08-14T13:04:35.526Z] <<< [apiv2][status] POST https://cloudresourcemanager.googleapis.com/v1/projects/garments-accessories:testIamPermissions 200
[debug] [2022-08-14T13:04:35.527Z] <<< [apiv2][body] POST https://cloudresourcemanager.googleapis.com/v1/projects/garments-accessories:testIamPermissions {"permissions":["firebase.projects.get","firebasehosting.sites.update"]}
[debug] [2022-08-14T13:04:35.530Z] >>> [apiv2][query] GET https://firebase.googleapis.com/v1beta1/projects/garments-accessories [none]
[debug] [2022-08-14T13:04:35.989Z] <<< [apiv2][status] GET https://firebase.googleapis.com/v1beta1/projects/garments-accessories 200
[debug] [2022-08-14T13:04:35.990Z] <<< [apiv2][body] GET https://firebase.googleapis.com/v1beta1/projects/garments-accessories {"projectId":"garments-accessories","projectNumber":"966652035948","displayName":"garments-accessories","name":"projects/garments-accessories","resources":{"hostingSite":"garments-accessories"},"state":"ACTIVE","etag":"1_658e71e7-8c53-4a3b-a8a5-5fc86151e137"}
[info] 
[info] === Deploying to 'garments-accessories'...
[info] 
[info] i  deploying hosting 
[debug] [2022-08-14T13:04:35.991Z] >>> [apiv2][query] GET https://firebase.googleapis.com/v1beta1/projects/garments-accessories [none]
[debug] [2022-08-14T13:05:05.995Z] Timeout reached making request to https://firebase.googleapis.com/v1beta1/projects/garments-accessories
[debug] [2022-08-14T13:05:06.214Z] FirebaseError: Timeout reached making request to https://firebase.googleapis.com/v1beta1/projects/garments-accessories
    at RetryOperation._fn (/home/zahid/.cache/firebase/tools/lib/node_modules/firebase-tools/lib/apiv2.js:238:35)
    at processTicksAndRejections (node:internal/process/task_queues:96:5)
[error] 
[error] Error: Failed to get Firebase project garments-accessories. Please make sure the project exists and your account has permission to access it.
[debug] [2022-08-14T13:05:51.006Z] ----------------------------------------------------------------------
[debug] [2022-08-14T13:05:51.007Z] Command:       /usr/local/bin/firebase /home/zahid/.cache/firebase/tools/lib/node_modules/firebase-tools/lib/bin/firebase deploy
[debug] [2022-08-14T13:05:51.008Z] CLI Version:   11.6.0
[debug] [2022-08-14T13:05:51.008Z] Platform:      linux
[debug] [2022-08-14T13:05:51.008Z] Node Version:  v16.16.0
[debug] [2022-08-14T13:05:51.008Z] Time:          Sun Aug 14 2022 19:05:51 GMT+0600 (Bangladesh Standard Time)
[debug] [2022-08-14T13:05:51.008Z] ----------------------------------------------------------------------
[debug] 
[debug] [2022-08-14T13:05:51.053Z] > command requires scopes: ["email","openid","https://www.googleapis.com/auth/cloudplatformprojects.readonly","https://www.googleapis.com/auth/firebase","https://www.googleapis.com/auth/cloud-platform"]
[debug] [2022-08-14T13:05:51.053Z] > authorizing via signed-in user (manjazahid.w25@gmail.com)
[debug] [2022-08-14T13:05:51.053Z] [iam] checking project garments-accessories for permissions ["firebase.projects.get","firebasehosting.sites.update"]
[debug] [2022-08-14T13:05:51.054Z] >>> [apiv2][query] POST https://cloudresourcemanager.googleapis.com/v1/projects/garments-accessories:testIamPermissions [none]
[debug] [2022-08-14T13:05:51.055Z] >>> [apiv2][(partial)header] POST https://cloudresourcemanager.googleapis.com/v1/projects/garments-accessories:testIamPermissions x-goog-quota-user=projects/garments-accessories
[debug] [2022-08-14T13:05:51.055Z] >>> [apiv2][body] POST https://cloudresourcemanager.googleapis.com/v1/projects/garments-accessories:testIamPermissions {"permissions":["firebase.projects.get","firebasehosting.sites.update"]}
[debug] [2022-08-14T13:05:52.459Z] <<< [apiv2][status] POST https://cloudresourcemanager.googleapis.com/v1/projects/garments-accessories:testIamPermissions 200
[debug] [2022-08-14T13:05:52.460Z] <<< [apiv2][body] POST https://cloudresourcemanager.googleapis.com/v1/projects/garments-accessories:testIamPermissions {"permissions":["firebase.projects.get","firebasehosting.sites.update"]}
[debug] [2022-08-14T13:05:52.460Z] >>> [apiv2][query] GET https://firebase.googleapis.com/v1beta1/projects/garments-accessories [none]
[debug] [2022-08-14T13:05:53.243Z] <<< [apiv2][status] GET https://firebase.googleapis.com/v1beta1/projects/garments-accessories 200
[debug] [2022-08-14T13:05:53.244Z] <<< [apiv2][body] GET https://firebase.googleapis.com/v1beta1/projects/garments-accessories {"projectId":"garments-accessories","projectNumber":"966652035948","displayName":"garments-accessories","name":"projects/garments-accessories","resources":{"hostingSite":"garments-accessories"},"state":"ACTIVE","etag":"1_658e71e7-8c53-4a3b-a8a5-5fc86151e137"}
[info] 
[info] === Deploying to 'garments-accessories'...
[info] 
[info] i  deploying hosting 
[debug] [2022-08-14T13:05:53.247Z] >>> [apiv2][query] GET https://firebase.googleapis.com/v1beta1/projects/garments-accessories [none]
[debug] [2022-08-14T13:05:53.730Z] <<< [apiv2][status] GET https://firebase.googleapis.com/v1beta1/projects/garments-accessories 200
[debug] [2022-08-14T13:05:53.731Z] <<< [apiv2][body] GET https://firebase.googleapis.com/v1beta1/projects/garments-accessories {"projectId":"garments-accessories","projectNumber":"966652035948","displayName":"garments-accessories","name":"projects/garments-accessories","resources":{"hostingSite":"garments-accessories"},"state":"ACTIVE","etag":"1_658e71e7-8c53-4a3b-a8a5-5fc86151e137"}
[debug] [2022-08-14T13:05:53.737Z] >>> [apiv2][query] POST https://firebasehosting.googleapis.com/v1beta1/projects/966652035948/sites/garments-accessories/versions [none]
[debug] [2022-08-14T13:05:53.737Z] >>> [apiv2][body] POST https://firebasehosting.googleapis.com/v1beta1/projects/966652035948/sites/garments-accessories/versions {"config":{"rewrites":[{"glob":"**","path":"/index.html"}]},"labels":{"deployment-tool":"cli-firebase"}}
[debug] [2022-08-14T13:05:55.742Z] <<< [apiv2][status] POST https://firebasehosting.googleapis.com/v1beta1/projects/966652035948/sites/garments-accessories/versions 200
[debug] [2022-08-14T13:05:55.743Z] <<< [apiv2][body] POST https://firebasehosting.googleapis.com/v1beta1/projects/966652035948/sites/garments-accessories/versions {"name":"projects/966652035948/sites/garments-accessories/versions/d55282c38b4281d9","status":"CREATED","config":{"rewrites":[{"glob":"**","path":"/index.html"}]},"labels":{"deployment-tool":"cli-firebase"}}
[info] i  hosting[garments-accessories]: beginning deploy... 
[info] i  hosting[garments-accessories]: found 32 files in build 
[debug] [2022-08-14T13:05:55.755Z] [hosting] uploading with 200 concurrency
[debug] [2022-08-14T13:05:55.760Z] [hosting] hash cache [YnVpbGQ] stored for 32 files
[debug] [2022-08-14T13:05:55.761Z] [hosting][hash queue][FINAL] {"max":2,"min":0,"avg":0,"active":0,"complete":32,"success":32,"errored":0,"retried":0,"total":32,"elapsed":4}
[debug] [2022-08-14T13:05:55.761Z] >>> [apiv2][query] POST https://firebasehosting.googleapis.com/v1beta1/projects/966652035948/sites/garments-accessories/versions/d55282c38b4281d9:populateFiles [none]
[debug] [2022-08-14T13:05:55.761Z] >>> [apiv2][body] POST https://firebasehosting.googleapis.com/v1beta1/projects/966652035948/sites/garments-accessories/versions/d55282c38b4281d9:populateFiles {"files":{"/asset-manifest.json":"63b2a06488cd15e78e6c1d8b9dd71ff856fa795eadd61d3ea29c8b4c3e3b27e1","/favicon.ico":"a786620a7c4f7bd7c0acc2881ab825c1cf41dfa40096fd789f9e6256027ab10e","/index.html":"957d3169627710974d299d5d9a618e0997b4a20821280ef6902b594c547c1240","/manifest.json":"0958a5e0c831126100c8c2d06a6bbaa665a3900f21aaff4130238a6f5a113aa1","/robots.txt":"2544ca049f223a42bff01f72ad930a5edba75bbb7199d0f8430a02ff5aca16ec","/static/css/main.6bec81e3.css":"901f7be1489fecc1e51b49251154c5f603759d18e6226a5e529cc55083815d90","/static/css/main.6bec81e3.css.map":"4659ac76ab0bf0163143fedd53809f670b939b195407c67a342886ffecf28689","/static/js/787.428288d3.chunk.js":"25ea3c876a0f25b55ed0865c3a56e37087ba0ecab15a5fe3538973af239086bc","/static/js/787.428288d3.chunk.js.map":"ed21f0833234ecb277bdebf7616329eb1702d10222fb657017f1e87334ff8bd0","/static/js/main.85d0f069.js":"f9b19b2f05a265024a5acc4fa183d2a31b0eafc491ca6f25d98c1826814736aa","/static/js/main.85d0f069.js.LICENSE.txt":"f76043dc37c132a854e70da8be7e220cc8faa61ec07540f568baaabecddb3c83","/static/js/main.85d0f069.js.map":"492a38962538a349b971c5bae93fd451db45a876937387edaa1d719e30f6ffb0","/static/media/404.58874dcb8cd9d13569a3.png":"03d9299d43b65575051aa2d4c4b3e1f39b7c6e91f3f2111d8cb61faae79bae6c","/static/media/8mm-Metal-Rivet-for-Denim-Jeans-Clothing-Accessories.dac055255ccbfc0291b9.webp":"7fe500236ae81656ae2b73afa71fa5b9b348f8cc09e615ea3eb5026b58917a9a","/static/media/Appstore.8c4986ee4828b47d16f5cd694ef065f2.svg":"e96c543c65e4c6729c4c5406259ed344d9878293c467b682ea37791366defa1f","/static/media/banner-1.fe27503b968958bca66b.jpg":"dbb551862f80c5f67c8c5698a044076be2f524c5ae42b602167258d241aaa763","/static/media/banner-2.0404f7dd8d082988692d.jpg":"330d9f455a07b1dffebe4a65e116a0a37ab056ce8d3361b8477acf148911e5a1","/static/media/banner-3.f65a531a41daaa659492.jpg":"1b5869bd182c0b8b9aad906dded89e622d3b3556b7f9614cef382b643bb07cc0","/static/media/banner-4.0809131636142de3090e.jpg":"133443f480dbf287daac89bbf2d5d096979fa4780cca7215926c5f96d8ac11b3","/static/media/banner-5.2ae8e58b0ff280134bdd.jpg":"902dbeabb6b4e43d992a8bfacf3391225109d46576fdf205991994e705bf2dd4","/static/media/banner-6.fe6dc800a99fe78baaae.jpg":"b70a44e74d232c3d55e0a0385a14164b10a1b8683fcf1c4928d8d6a646e24a09","/static/media/item.bfce044de56830f513f2.jpg":"d1c899c7c4ee2fb6d2ac4787ffe93358d54e7fd576bf6cf515e1c5b158a0361e","/static/media/logo.b803569b4a81ff18df87.png":"695eb64222f3689ef5635002bf34537c1748699436b59aea5a7016dce876d322","/static/media/playstore.acb7f25b1acfd09f0a3314b305094262.svg":"04f38b89bd218ef6416cfe72ad86b48464241893aec5789adf1197db3666898a","/static/media/profile-pic-1.ade40d3126205db44b12.png":"e127312e4c80d73e9b0df058285e498904b9bc8a1687ddaba20818f0ce8eca4d","/static/media/profile.b46fad45f3d34bdac614.png":"d2f68e529ca964302c4355d2426477333caf8a636c12d5e58e5a9353ebe2754a","/static/media/rapid-change.86c8d5ec2538c7acc985.png":"d8b673f5c0052adaafe59bc8a2a9e9870b73f9e8f15caa50c6f1d13d97518cec","/static/media/register.6a74e5522b11cc443dc9.png":"5a444d2bf8f96b99c401da12cd4d1a5bb6522c2097ac4f75d0654125e044c32d","/static/media/review.ced8980c1069a0dcace8.png":"65484c2e433d3498d96e824671424d270cc69d856febf8f27c0b68171809be97","/static/media/support-team.a2f1d95400b9d626107d.png":"4dbc17c1d2fd4fd8898d94dc6443d75b368f08a7b9b8d733e5edd2051bdbe7bf","/static/media/target-users.0483668beb22c07e3b33.png":"e2699cfb079aa6d1ee407e8c819f0f611c766a7c5227539676317192a5da1a28","/static/media/under-construction.3e31b962fd183dd6bfc6.png":"46e7dada0af39d950b8858f6dc21491fc1a566683c0f349ba2bb91460e8c2a5b"}}
[debug] [2022-08-14T13:06:27.928Z] [populateQueue] Retrying task index 0
[debug] [2022-08-14T13:06:27.930Z] >>> [apiv2][query] POST https://firebasehosting.googleapis.com/v1beta1/projects/966652035948/sites/garments-accessories/versions/d55282c38b4281d9:populateFiles [none]
[debug] [2022-08-14T13:06:27.930Z] >>> [apiv2][body] POST https://firebasehosting.googleapis.com/v1beta1/projects/966652035948/sites/garments-accessories/versions/d55282c38b4281d9:populateFiles {"files":{"/asset-manifest.json":"63b2a06488cd15e78e6c1d8b9dd71ff856fa795eadd61d3ea29c8b4c3e3b27e1","/favicon.ico":"a786620a7c4f7bd7c0acc2881ab825c1cf41dfa40096fd789f9e6256027ab10e","/index.html":"957d3169627710974d299d5d9a618e0997b4a20821280ef6902b594c547c1240","/manifest.json":"0958a5e0c831126100c8c2d06a6bbaa665a3900f21aaff4130238a6f5a113aa1","/robots.txt":"2544ca049f223a42bff01f72ad930a5edba75bbb7199d0f8430a02ff5aca16ec","/static/css/main.6bec81e3.css":"901f7be1489fecc1e51b49251154c5f603759d18e6226a5e529cc55083815d90","/static/css/main.6bec81e3.css.map":"4659ac76ab0bf0163143fedd53809f670b939b195407c67a342886ffecf28689","/static/js/787.428288d3.chunk.js":"25ea3c876a0f25b55ed0865c3a56e37087ba0ecab15a5fe3538973af239086bc","/static/js/787.428288d3.chunk.js.map":"ed21f0833234ecb277bdebf7616329eb1702d10222fb657017f1e87334ff8bd0","/static/js/main.85d0f069.js":"f9b19b2f05a265024a5acc4fa183d2a31b0eafc491ca6f25d98c1826814736aa","/static/js/main.85d0f069.js.LICENSE.txt":"f76043dc37c132a854e70da8be7e220cc8faa61ec07540f568baaabecddb3c83","/static/js/main.85d0f069.js.map":"492a38962538a349b971c5bae93fd451db45a876937387edaa1d719e30f6ffb0","/static/media/404.58874dcb8cd9d13569a3.png":"03d9299d43b65575051aa2d4c4b3e1f39b7c6e91f3f2111d8cb61faae79bae6c","/static/media/8mm-Metal-Rivet-for-Denim-Jeans-Clothing-Accessories.dac055255ccbfc0291b9.webp":"7fe500236ae81656ae2b73afa71fa5b9b348f8cc09e615ea3eb5026b58917a9a","/static/media/Appstore.8c4986ee4828b47d16f5cd694ef065f2.svg":"e96c543c65e4c6729c4c5406259ed344d9878293c467b682ea37791366defa1f","/static/media/banner-1.fe27503b968958bca66b.jpg":"dbb551862f80c5f67c8c5698a044076be2f524c5ae42b602167258d241aaa763","/static/media/banner-2.0404f7dd8d082988692d.jpg":"330d9f455a07b1dffebe4a65e116a0a37ab056ce8d3361b8477acf148911e5a1","/static/media/banner-3.f65a531a41daaa659492.jpg":"1b5869bd182c0b8b9aad906dded89e622d3b3556b7f9614cef382b643bb07cc0","/static/media/banner-4.0809131636142de3090e.jpg":"133443f480dbf287daac89bbf2d5d096979fa4780cca7215926c5f96d8ac11b3","/static/media/banner-5.2ae8e58b0ff280134bdd.jpg":"902dbeabb6b4e43d992a8bfacf3391225109d46576fdf205991994e705bf2dd4","/static/media/banner-6.fe6dc800a99fe78baaae.jpg":"b70a44e74d232c3d55e0a0385a14164b10a1b8683fcf1c4928d8d6a646e24a09","/static/media/item.bfce044de56830f513f2.jpg":"d1c899c7c4ee2fb6d2ac4787ffe93358d54e7fd576bf6cf515e1c5b158a0361e","/static/media/logo.b803569b4a81ff18df87.png":"695eb64222f3689ef5635002bf34537c1748699436b59aea5a7016dce876d322","/static/media/playstore.acb7f25b1acfd09f0a3314b305094262.svg":"04f38b89bd218ef6416cfe72ad86b48464241893aec5789adf1197db3666898a","/static/media/profile-pic-1.ade40d3126205db44b12.png":"e127312e4c80d73e9b0df058285e498904b9bc8a1687ddaba20818f0ce8eca4d","/static/media/profile.b46fad45f3d34bdac614.png":"d2f68e529ca964302c4355d2426477333caf8a636c12d5e58e5a9353ebe2754a","/static/media/rapid-change.86c8d5ec2538c7acc985.png":"d8b673f5c0052adaafe59bc8a2a9e9870b73f9e8f15caa50c6f1d13d97518cec","/static/media/register.6a74e5522b11cc443dc9.png":"5a444d2bf8f96b99c401da12cd4d1a5bb6522c2097ac4f75d0654125e044c32d","/static/media/review.ced8980c1069a0dcace8.png":"65484c2e433d3498d96e824671424d270cc69d856febf8f27c0b68171809be97","/static/media/support-team.a2f1d95400b9d626107d.png":"4dbc17c1d2fd4fd8898d94dc6443d75b368f08a7b9b8d733e5edd2051bdbe7bf","/static/media/target-users.0483668beb22c07e3b33.png":"e2699cfb079aa6d1ee407e8c819f0f611c766a7c5227539676317192a5da1a28","/static/media/under-construction.3e31b962fd183dd6bfc6.png":"46e7dada0af39d950b8858f6dc21491fc1a566683c0f349ba2bb91460e8c2a5b"}}
[debug] [2022-08-14T13:07:00.765Z] [populateQueue] Retrying task index 0
[debug] [2022-08-14T13:07:00.766Z] >>> [apiv2][query] POST https://firebasehosting.googleapis.com/v1beta1/projects/966652035948/sites/garments-accessories/versions/d55282c38b4281d9:populateFiles [none]
[debug] [2022-08-14T13:07:00.766Z] >>> [apiv2][body] POST https://firebasehosting.googleapis.com/v1beta1/projects/966652035948/sites/garments-accessories/versions/d55282c38b4281d9:populateFiles {"files":{"/asset-manifest.json":"63b2a06488cd15e78e6c1d8b9dd71ff856fa795eadd61d3ea29c8b4c3e3b27e1","/favicon.ico":"a786620a7c4f7bd7c0acc2881ab825c1cf41dfa40096fd789f9e6256027ab10e","/index.html":"957d3169627710974d299d5d9a618e0997b4a20821280ef6902b594c547c1240","/manifest.json":"0958a5e0c831126100c8c2d06a6bbaa665a3900f21aaff4130238a6f5a113aa1","/robots.txt":"2544ca049f223a42bff01f72ad930a5edba75bbb7199d0f8430a02ff5aca16ec","/static/css/main.6bec81e3.css":"901f7be1489fecc1e51b49251154c5f603759d18e6226a5e529cc55083815d90","/static/css/main.6bec81e3.css.map":"4659ac76ab0bf0163143fedd53809f670b939b195407c67a342886ffecf28689","/static/js/787.428288d3.chunk.js":"25ea3c876a0f25b55ed0865c3a56e37087ba0ecab15a5fe3538973af239086bc","/static/js/787.428288d3.chunk.js.map":"ed21f0833234ecb277bdebf7616329eb1702d10222fb657017f1e87334ff8bd0","/static/js/main.85d0f069.js":"f9b19b2f05a265024a5acc4fa183d2a31b0eafc491ca6f25d98c1826814736aa","/static/js/main.85d0f069.js.LICENSE.txt":"f76043dc37c132a854e70da8be7e220cc8faa61ec07540f568baaabecddb3c83","/static/js/main.85d0f069.js.map":"492a38962538a349b971c5bae93fd451db45a876937387edaa1d719e30f6ffb0","/static/media/404.58874dcb8cd9d13569a3.png":"03d9299d43b65575051aa2d4c4b3e1f39b7c6e91f3f2111d8cb61faae79bae6c","/static/media/8mm-Metal-Rivet-for-Denim-Jeans-Clothing-Accessories.dac055255ccbfc0291b9.webp":"7fe500236ae81656ae2b73afa71fa5b9b348f8cc09e615ea3eb5026b58917a9a","/static/media/Appstore.8c4986ee4828b47d16f5cd694ef065f2.svg":"e96c543c65e4c6729c4c5406259ed344d9878293c467b682ea37791366defa1f","/static/media/banner-1.fe27503b968958bca66b.jpg":"dbb551862f80c5f67c8c5698a044076be2f524c5ae42b602167258d241aaa763","/static/media/banner-2.0404f7dd8d082988692d.jpg":"330d9f455a07b1dffebe4a65e116a0a37ab056ce8d3361b8477acf148911e5a1","/static/media/banner-3.f65a531a41daaa659492.jpg":"1b5869bd182c0b8b9aad906dded89e622d3b3556b7f9614cef382b643bb07cc0","/static/media/banner-4.0809131636142de3090e.jpg":"133443f480dbf287daac89bbf2d5d096979fa4780cca7215926c5f96d8ac11b3","/static/media/banner-5.2ae8e58b0ff280134bdd.jpg":"902dbeabb6b4e43d992a8bfacf3391225109d46576fdf205991994e705bf2dd4","/static/media/banner-6.fe6dc800a99fe78baaae.jpg":"b70a44e74d232c3d55e0a0385a14164b10a1b8683fcf1c4928d8d6a646e24a09","/static/media/item.bfce044de56830f513f2.jpg":"d1c899c7c4ee2fb6d2ac4787ffe93358d54e7fd576bf6cf515e1c5b158a0361e","/static/media/logo.b803569b4a81ff18df87.png":"695eb64222f3689ef5635002bf34537c1748699436b59aea5a7016dce876d322","/static/media/playstore.acb7f25b1acfd09f0a3314b305094262.svg":"04f38b89bd218ef6416cfe72ad86b48464241893aec5789adf1197db3666898a","/static/media/profile-pic-1.ade40d3126205db44b12.png":"e127312e4c80d73e9b0df058285e498904b9bc8a1687ddaba20818f0ce8eca4d","/static/media/profile.b46fad45f3d34bdac614.png":"d2f68e529ca964302c4355d2426477333caf8a636c12d5e58e5a9353ebe2754a","/static/media/rapid-change.86c8d5ec2538c7acc985.png":"d8b673f5c0052adaafe59bc8a2a9e9870b73f9e8f15caa50c6f1d13d97518cec","/static/media/register.6a74e5522b11cc443dc9.png":"5a444d2bf8f96b99c401da12cd4d1a5bb6522c2097ac4f75d0654125e044c32d","/static/media/review.ced8980c1069a0dcace8.png":"65484c2e433d3498d96e824671424d270cc69d856febf8f27c0b68171809be97","/static/media/support-team.a2f1d95400b9d626107d.png":"4dbc17c1d2fd4fd8898d94dc6443d75b368f08a7b9b8d733e5edd2051bdbe7bf","/static/media/target-users.0483668beb22c07e3b33.png":"e2699cfb079aa6d1ee407e8c819f0f611c766a7c5227539676317192a5da1a28","/static/media/under-construction.3e31b962fd183dd6bfc6.png":"46e7dada0af39d950b8858f6dc21491fc1a566683c0f349ba2bb91460e8c2a5b"}}
[debug] [2022-08-14T13:07:32.992Z] [populateQueue] Retrying task index 0
[debug] [2022-08-14T13:07:32.994Z] >>> [apiv2][query] POST https://firebasehosting.googleapis.com/v1beta1/projects/966652035948/sites/garments-accessories/versions/d55282c38b4281d9:populateFiles [none]
[debug] [2022-08-14T13:07:32.994Z] >>> [apiv2][body] POST https://firebasehosting.googleapis.com/v1beta1/projects/966652035948/sites/garments-accessories/versions/d55282c38b4281d9:populateFiles {"files":{"/asset-manifest.json":"63b2a06488cd15e78e6c1d8b9dd71ff856fa795eadd61d3ea29c8b4c3e3b27e1","/favicon.ico":"a786620a7c4f7bd7c0acc2881ab825c1cf41dfa40096fd789f9e6256027ab10e","/index.html":"957d3169627710974d299d5d9a618e0997b4a20821280ef6902b594c547c1240","/manifest.json":"0958a5e0c831126100c8c2d06a6bbaa665a3900f21aaff4130238a6f5a113aa1","/robots.txt":"2544ca049f223a42bff01f72ad930a5edba75bbb7199d0f8430a02ff5aca16ec","/static/css/main.6bec81e3.css":"901f7be1489fecc1e51b49251154c5f603759d18e6226a5e529cc55083815d90","/static/css/main.6bec81e3.css.map":"4659ac76ab0bf0163143fedd53809f670b939b195407c67a342886ffecf28689","/static/js/787.428288d3.chunk.js":"25ea3c876a0f25b55ed0865c3a56e37087ba0ecab15a5fe3538973af239086bc","/static/js/787.428288d3.chunk.js.map":"ed21f0833234ecb277bdebf7616329eb1702d10222fb657017f1e87334ff8bd0","/static/js/main.85d0f069.js":"f9b19b2f05a265024a5acc4fa183d2a31b0eafc491ca6f25d98c1826814736aa","/static/js/main.85d0f069.js.LICENSE.txt":"f76043dc37c132a854e70da8be7e220cc8faa61ec07540f568baaabecddb3c83","/static/js/main.85d0f069.js.map":"492a38962538a349b971c5bae93fd451db45a876937387edaa1d719e30f6ffb0","/static/media/404.58874dcb8cd9d13569a3.png":"03d9299d43b65575051aa2d4c4b3e1f39b7c6e91f3f2111d8cb61faae79bae6c","/static/media/8mm-Metal-Rivet-for-Denim-Jeans-Clothing-Accessories.dac055255ccbfc0291b9.webp":"7fe500236ae81656ae2b73afa71fa5b9b348f8cc09e615ea3eb5026b58917a9a","/static/media/Appstore.8c4986ee4828b47d16f5cd694ef065f2.svg":"e96c543c65e4c6729c4c5406259ed344d9878293c467b682ea37791366defa1f","/static/media/banner-1.fe27503b968958bca66b.jpg":"dbb551862f80c5f67c8c5698a044076be2f524c5ae42b602167258d241aaa763","/static/media/banner-2.0404f7dd8d082988692d.jpg":"330d9f455a07b1dffebe4a65e116a0a37ab056ce8d3361b8477acf148911e5a1","/static/media/banner-3.f65a531a41daaa659492.jpg":"1b5869bd182c0b8b9aad906dded89e622d3b3556b7f9614cef382b643bb07cc0","/static/media/banner-4.0809131636142de3090e.jpg":"133443f480dbf287daac89bbf2d5d096979fa4780cca7215926c5f96d8ac11b3","/static/media/banner-5.2ae8e58b0ff280134bdd.jpg":"902dbeabb6b4e43d992a8bfacf3391225109d46576fdf205991994e705bf2dd4","/static/media/banner-6.fe6dc800a99fe78baaae.jpg":"b70a44e74d232c3d55e0a0385a14164b10a1b8683fcf1c4928d8d6a646e24a09","/static/media/item.bfce044de56830f513f2.jpg":"d1c899c7c4ee2fb6d2ac4787ffe93358d54e7fd576bf6cf515e1c5b158a0361e","/static/media/logo.b803569b4a81ff18df87.png":"695eb64222f3689ef5635002bf34537c1748699436b59aea5a7016dce876d322","/static/media/playstore.acb7f25b1acfd09f0a3314b305094262.svg":"04f38b89bd218ef6416cfe72ad86b48464241893aec5789adf1197db3666898a","/static/media/profile-pic-1.ade40d3126205db44b12.png":"e127312e4c80d73e9b0df058285e498904b9bc8a1687ddaba20818f0ce8eca4d","/static/media/profile.b46fad45f3d34bdac614.png":"d2f68e529ca964302c4355d2426477333caf8a636c12d5e58e5a9353ebe2754a","/static/media/rapid-change.86c8d5ec2538c7acc985.png":"d8b673f5c0052adaafe59bc8a2a9e9870b73f9e8f15caa50c6f1d13d97518cec","/static/media/register.6a74e5522b11cc443dc9.png":"5a444d2bf8f96b99c401da12cd4d1a5bb6522c2097ac4f75d0654125e044c32d","/static/media/review.ced8980c1069a0dcace8.png":"65484c2e433d3498d96e824671424d270cc69d856febf8f27c0b68171809be97","/static/media/support-team.a2f1d95400b9d626107d.png":"4dbc17c1d2fd4fd8898d94dc6443d75b368f08a7b9b8d733e5edd2051bdbe7bf","/static/media/target-users.0483668beb22c07e3b33.png":"e2699cfb079aa6d1ee407e8c819f0f611c766a7c5227539676317192a5da1a28","/static/media/under-construction.3e31b962fd183dd6bfc6.png":"46e7dada0af39d950b8858f6dc21491fc1a566683c0f349ba2bb91460e8c2a5b"}}
[debug] [2022-08-14T13:07:34.915Z] <<< [apiv2][status] POST https://firebasehosting.googleapis.com/v1beta1/projects/966652035948/sites/garments-accessories/versions/d55282c38b4281d9:populateFiles 200
[debug] [2022-08-14T13:07:34.915Z] <<< [apiv2][body] POST https://firebasehosting.googleapis.com/v1beta1/projects/966652035948/sites/garments-accessories/versions/d55282c38b4281d9:populateFiles {"uploadUrl":"https://upload-firebasehosting.googleapis.com/upload/sites/garments-accessories/versions/d55282c38b4281d9/files"}
[debug] [2022-08-14T13:07:34.916Z] [hosting][populate queue][FINAL] {"max":1923,"min":1923,"avg":1923,"active":0,"complete":1,"success":1,"errored":0,"retried":3,"total":1,"elapsed":99157}
[debug] [2022-08-14T13:07:34.917Z] [hosting] uploads queued: 0
[debug] [2022-08-14T13:07:34.917Z] [hosting][upload queue][FINAL] {"max":0,"min":9999999999,"avg":0,"active":0,"complete":0,"success":0,"errored":0,"retried":0,"total":0,"elapsed":1660482454917}
[info] ✔  hosting[garments-accessories]: file upload complete 
[debug] [2022-08-14T13:07:34.920Z] [hosting] deploy completed after 99173ms
[debug] [2022-08-14T13:07:34.930Z] [
  {
    "config": {
      "public": "build",
      "ignore": [
        "firebase.json",
        "**/.*",
        "**/node_modules/**"
      ],
      "rewrites": [
        {
          "source": "**",
          "destination": "/index.html"
        }
      ],
      "site": "garments-accessories"
    },
    "site": "garments-accessories",
    "version": "projects/966652035948/sites/garments-accessories/versions/d55282c38b4281d9"
  }
]
[info] i  hosting[garments-accessories]: finalizing version... 
[debug] [2022-08-14T13:07:34.935Z] >>> [apiv2][query] PATCH https://firebasehosting.googleapis.com/v1beta1/projects/966652035948/sites/garments-accessories/versions/d55282c38b4281d9 updateMask=status%2Cconfig
[debug] [2022-08-14T13:07:34.935Z] >>> [apiv2][body] PATCH https://firebasehosting.googleapis.com/v1beta1/projects/966652035948/sites/garments-accessories/versions/d55282c38b4281d9 {"status":"FINALIZED","config":{"rewrites":[{"glob":"**","path":"/index.html"}]}}
[debug] [2022-08-14T13:08:12.164Z] Error: Timed out.
    at Timeout._onTimeout (/home/zahid/.cache/firebase/tools/lib/node_modules/firebase-tools/lib/utils.js:253:49)
    at listOnTimeout (node:internal/timers:559:17)
    at processTimers (node:internal/timers:502:7)
[error] 
[error] Error: An unexpected error has occurred.
